2020-01-05 17:22:08.188  INFO 16332 --- [main] r.o.s.homework16.Homework16Application   : Starting Homework16Application on NB99-154 with PID 16332 (C:\Users\ozubkov\IdeaProjects\2019-09-otus-spring-Zubkov\homework16\target\classes started by ozubkov in C:\Users\ozubkov\IdeaProjects\2019-09-otus-spring-Zubkov)
2020-01-05 17:22:08.192  INFO 16332 --- [main] r.o.s.homework16.Homework16Application   : No active profile set, falling back to default profiles: default
2020-01-05 17:22:10.051  INFO 16332 --- [main] .s.d.r.c.RepositoryConfigurationDelegate : Bootstrapping Spring Data repositories in DEFAULT mode.
2020-01-05 17:22:10.145  INFO 16332 --- [main] .s.d.r.c.RepositoryConfigurationDelegate : Finished Spring Data repository scanning in 84ms. Found 4 repository interfaces.
2020-01-05 17:22:10.820  INFO 16332 --- [main] trationDelegate$BeanPostProcessorChecker : Bean 'org.springframework.transaction.annotation.ProxyTransactionManagementConfiguration' of type [org.springframework.transaction.annotation.ProxyTransactionManagementConfiguration$$EnhancerBySpringCGLIB$$70298789] is not eligible for getting processed by all BeanPostProcessors (for example: not eligible for auto-proxying)
2020-01-05 17:22:10.870  INFO 16332 --- [main] trationDelegate$BeanPostProcessorChecker : Bean 'org.springframework.security.config.annotation.configuration.ObjectPostProcessorConfiguration' of type [org.springframework.security.config.annotation.configuration.ObjectPostProcessorConfiguration$$EnhancerBySpringCGLIB$$8d74fc3] is not eligible for getting processed by all BeanPostProcessors (for example: not eligible for auto-proxying)
2020-01-05 17:22:10.878  INFO 16332 --- [main] trationDelegate$BeanPostProcessorChecker : Bean 'objectPostProcessor' of type [org.springframework.security.config.annotation.configuration.AutowireBeanFactoryObjectPostProcessor] is not eligible for getting processed by all BeanPostProcessors (for example: not eligible for auto-proxying)
2020-01-05 17:22:10.880  INFO 16332 --- [main] trationDelegate$BeanPostProcessorChecker : Bean 'org.springframework.security.access.expression.method.DefaultMethodSecurityExpressionHandler@35b17c06' of type [org.springframework.security.access.expression.method.DefaultMethodSecurityExpressionHandler] is not eligible for getting processed by all BeanPostProcessors (for example: not eligible for auto-proxying)
2020-01-05 17:22:10.887  INFO 16332 --- [main] trationDelegate$BeanPostProcessorChecker : Bean 'org.springframework.boot.autoconfigure.jdbc.DataSourceConfiguration$Hikari' of type [org.springframework.boot.autoconfigure.jdbc.DataSourceConfiguration$Hikari$$EnhancerBySpringCGLIB$$b0a8f176] is not eligible for getting processed by all BeanPostProcessors (for example: not eligible for auto-proxying)
2020-01-05 17:22:10.946  INFO 16332 --- [main] trationDelegate$BeanPostProcessorChecker : Bean 'spring.datasource-org.springframework.boot.autoconfigure.jdbc.DataSourceProperties' of type [org.springframework.boot.autoconfigure.jdbc.DataSourceProperties] is not eligible for getting processed by all BeanPostProcessors (for example: not eligible for auto-proxying)
2020-01-05 17:22:10.978  INFO 16332 --- [main] trationDelegate$BeanPostProcessorChecker : Bean 'dataSource' of type [com.zaxxer.hikari.HikariDataSource] is not eligible for getting processed by all BeanPostProcessors (for example: not eligible for auto-proxying)
2020-01-05 17:22:11.007  INFO 16332 --- [main] com.zaxxer.hikari.HikariDataSource       : HikariPool-1 - Starting...
2020-01-05 17:22:11.333  INFO 16332 --- [main] com.zaxxer.hikari.HikariDataSource       : HikariPool-1 - Start completed.
2020-01-05 17:22:11.469  INFO 16332 --- [main] trationDelegate$BeanPostProcessorChecker : Bean 'org.springframework.boot.autoconfigure.jdbc.DataSourceInitializerInvoker' of type [org.springframework.boot.autoconfigure.jdbc.DataSourceInitializerInvoker] is not eligible for getting processed by all BeanPostProcessors (for example: not eligible for auto-proxying)
2020-01-05 17:22:11.470  INFO 16332 --- [main] trationDelegate$BeanPostProcessorChecker : Bean 'aclConfig' of type [ru.otus.spring.homework16.security.AclConfig$$EnhancerBySpringCGLIB$$526aa084] is not eligible for getting processed by all BeanPostProcessors (for example: not eligible for auto-proxying)
2020-01-05 17:22:11.486  INFO 16332 --- [main] o.s.c.ehcache.EhCacheManagerFactoryBean  : Initializing EhCache CacheManager
2020-01-05 17:22:11.490  WARN 16332 --- [main] n.s.ehcache.config.ConfigurationFactory  : No configuration found. Configuring ehcache from ehcache-failsafe.xml  found in the classpath: jar:file:/C:/Users/ozubkov/.m2/repository/net/sf/ehcache/ehcache-core/2.6.11/ehcache-core-2.6.11.jar!/ehcache-failsafe.xml
2020-01-05 17:22:11.822  INFO 16332 --- [main] trationDelegate$BeanPostProcessorChecker : Bean 'aclCacheManager' of type [org.springframework.cache.ehcache.EhCacheManagerFactoryBean] is not eligible for getting processed by all BeanPostProcessors (for example: not eligible for auto-proxying)
2020-01-05 17:22:11.831  INFO 16332 --- [main] trationDelegate$BeanPostProcessorChecker : Bean 'aclCacheManager' of type [net.sf.ehcache.CacheManager] is not eligible for getting processed by all BeanPostProcessors (for example: not eligible for auto-proxying)
2020-01-05 17:22:11.863  INFO 16332 --- [main] trationDelegate$BeanPostProcessorChecker : Bean 'aclEhCacheFactoryBean' of type [org.springframework.cache.ehcache.EhCacheFactoryBean] is not eligible for getting processed by all BeanPostProcessors (for example: not eligible for auto-proxying)
2020-01-05 17:22:11.887  INFO 16332 --- [main] trationDelegate$BeanPostProcessorChecker : Bean 'aclEhCacheFactoryBean' of type [net.sf.ehcache.Cache] is not eligible for getting processed by all BeanPostProcessors (for example: not eligible for auto-proxying)
2020-01-05 17:22:11.899  INFO 16332 --- [main] trationDelegate$BeanPostProcessorChecker : Bean 'permissionGrantingStrategy' of type [org.springframework.security.acls.domain.DefaultPermissionGrantingStrategy] is not eligible for getting processed by all BeanPostProcessors (for example: not eligible for auto-proxying)
2020-01-05 17:22:11.902  INFO 16332 --- [main] trationDelegate$BeanPostProcessorChecker : Bean 'aclAuthorizationStrategy' of type [org.springframework.security.acls.domain.AclAuthorizationStrategyImpl] is not eligible for getting processed by all BeanPostProcessors (for example: not eligible for auto-proxying)
2020-01-05 17:22:11.903  INFO 16332 --- [main] trationDelegate$BeanPostProcessorChecker : Bean 'aclCache' of type [org.springframework.security.acls.domain.EhCacheBasedAclCache] is not eligible for getting processed by all BeanPostProcessors (for example: not eligible for auto-proxying)
2020-01-05 17:22:11.912  INFO 16332 --- [main] trationDelegate$BeanPostProcessorChecker : Bean 'lookupStrategy' of type [org.springframework.security.acls.jdbc.BasicLookupStrategy] is not eligible for getting processed by all BeanPostProcessors (for example: not eligible for auto-proxying)
2020-01-05 17:22:11.914  INFO 16332 --- [main] trationDelegate$BeanPostProcessorChecker : Bean 'aclService' of type [org.springframework.security.acls.jdbc.JdbcMutableAclService] is not eligible for getting processed by all BeanPostProcessors (for example: not eligible for auto-proxying)
2020-01-05 17:22:11.916  INFO 16332 --- [main] trationDelegate$BeanPostProcessorChecker : Bean 'defaultMethodSecurityExpressionHandler' of type [org.springframework.security.access.expression.method.DefaultMethodSecurityExpressionHandler] is not eligible for getting processed by all BeanPostProcessors (for example: not eligible for auto-proxying)
2020-01-05 17:22:11.920  INFO 16332 --- [main] trationDelegate$BeanPostProcessorChecker : Bean 'aclMethodSecurityConfiguration' of type [ru.otus.spring.homework16.security.AclMethodSecurityConfiguration$$EnhancerBySpringCGLIB$$588bb42f] is not eligible for getting processed by all BeanPostProcessors (for example: not eligible for auto-proxying)
2020-01-05 17:22:11.927  INFO 16332 --- [main] trationDelegate$BeanPostProcessorChecker : Bean 'methodSecurityMetadataSource' of type [org.springframework.security.access.method.DelegatingMethodSecurityMetadataSource] is not eligible for getting processed by all BeanPostProcessors (for example: not eligible for auto-proxying)
2020-01-05 17:22:11.942  INFO 16332 --- [main] trationDelegate$BeanPostProcessorChecker : Bean 'org.springframework.hateoas.config.HateoasConfiguration' of type [org.springframework.hateoas.config.HateoasConfiguration$$EnhancerBySpringCGLIB$$efa9d4bb] is not eligible for getting processed by all BeanPostProcessors (for example: not eligible for auto-proxying)
2020-01-05 17:22:12.575  INFO 16332 --- [main] o.s.b.w.embedded.tomcat.TomcatWebServer  : Tomcat initialized with port(s): 8080 (http)
2020-01-05 17:22:12.617  INFO 16332 --- [main] o.apache.catalina.core.StandardService   : Starting service [Tomcat]
2020-01-05 17:22:12.618  INFO 16332 --- [main] org.apache.catalina.core.StandardEngine  : Starting Servlet engine: [Apache Tomcat/9.0.24]
2020-01-05 17:22:12.813  INFO 16332 --- [main] o.a.c.c.C.[Tomcat].[localhost].[/]       : Initializing Spring embedded WebApplicationContext
2020-01-05 17:22:12.813  INFO 16332 --- [main] o.s.web.context.ContextLoader            : Root WebApplicationContext: initialization completed in 4558 ms
2020-01-05 17:22:13.658  INFO 16332 --- [main] o.hibernate.jpa.internal.util.LogHelper  : HHH000204: Processing PersistenceUnitInfo [
	name: default
	...]
2020-01-05 17:22:13.762  INFO 16332 --- [main] org.hibernate.Version                    : HHH000412: Hibernate Core {5.3.11.Final}
2020-01-05 17:22:13.764  INFO 16332 --- [main] org.hibernate.cfg.Environment            : HHH000206: hibernate.properties not found
2020-01-05 17:22:14.004  INFO 16332 --- [main] o.hibernate.annotations.common.Version   : HCANN000001: Hibernate Commons Annotations {5.0.4.Final}
2020-01-05 17:22:14.205  INFO 16332 --- [main] org.hibernate.dialect.Dialect            : HHH000400: Using dialect: org.hibernate.dialect.H2Dialect
2020-01-05 17:22:15.322  INFO 16332 --- [main] j.LocalContainerEntityManagerFactoryBean : Initialized JPA EntityManagerFactory for persistence unit 'default'
2020-01-05 17:22:17.301  INFO 16332 --- [main] o.s.s.web.DefaultSecurityFilterChain     : Creating filter chain: Ant [pattern='/'], []
2020-01-05 17:22:17.302  INFO 16332 --- [main] o.s.s.web.DefaultSecurityFilterChain     : Creating filter chain: Ant [pattern='/errorlogin'], []
2020-01-05 17:22:17.302  INFO 16332 --- [main] o.s.s.web.DefaultSecurityFilterChain     : Creating filter chain: Ant [pattern='/h2-console/**'], []
2020-01-05 17:22:17.395  INFO 16332 --- [main] o.s.s.web.DefaultSecurityFilterChain     : Creating filter chain: any request, [org.springframework.security.web.context.request.async.WebAsyncManagerIntegrationFilter@22825762, org.springframework.security.web.context.SecurityContextPersistenceFilter@7375ebe7, org.springframework.security.web.header.HeaderWriterFilter@77c1a7ce, org.springframework.security.web.authentication.logout.LogoutFilter@28f7cca4, org.springframework.security.web.authentication.UsernamePasswordAuthenticationFilter@472dc215, org.springframework.security.web.authentication.ui.DefaultLoginPageGeneratingFilter@333d5a0c, org.springframework.security.web.authentication.ui.DefaultLogoutPageGeneratingFilter@34e7a627, org.springframework.security.web.savedrequest.RequestCacheAwareFilter@3e2ee637, org.springframework.security.web.servletapi.SecurityContextHolderAwareRequestFilter@204beb58, org.springframework.security.web.authentication.rememberme.RememberMeAuthenticationFilter@4f3672eb, org.springframework.security.web.authentication.AnonymousAuthenticationFilter@5bb7fc38, org.springframework.security.web.session.SessionManagementFilter@433d5536, org.springframework.security.web.access.ExceptionTranslationFilter@359903b6, org.springframework.security.web.access.intercept.FilterSecurityInterceptor@19983dd1]
2020-01-05 17:22:17.674  INFO 16332 --- [main] o.s.s.concurrent.ThreadPoolTaskExecutor  : Initializing ExecutorService 'applicationTaskExecutor'
2020-01-05 17:22:17.741  WARN 16332 --- [main] aWebConfiguration$JpaWebMvcConfiguration : spring.jpa.open-in-view is enabled by default. Therefore, database queries may be performed during view rendering. Explicitly configure spring.jpa.open-in-view to disable this warning
2020-01-05 17:22:17.789  INFO 16332 --- [main] o.s.b.a.w.s.WelcomePageHandlerMapping    : Adding welcome page template: index
2020-01-05 17:22:18.493  INFO 16332 --- [main] o.s.b.a.e.web.EndpointLinksResolver      : Exposing 3 endpoint(s) beneath base path '/actuator'
2020-01-05 17:22:18.631  INFO 16332 --- [main] o.s.b.w.embedded.tomcat.TomcatWebServer  : Tomcat started on port(s): 8080 (http) with context path ''
2020-01-05 17:22:18.635  INFO 16332 --- [main] r.o.s.homework16.Homework16Application   : Started Homework16Application in 11.039 seconds (JVM running for 11.538)
2020-01-05 17:22:42.698  INFO 16332 --- [http-nio-8080-exec-1] o.a.c.c.C.[Tomcat].[localhost].[/]       : Initializing Spring DispatcherServlet 'dispatcherServlet'
2020-01-05 17:22:42.699  INFO 16332 --- [http-nio-8080-exec-1] o.s.web.servlet.DispatcherServlet        : Initializing Servlet 'dispatcherServlet'
2020-01-05 17:22:42.771  INFO 16332 --- [http-nio-8080-exec-1] o.s.web.servlet.DispatcherServlet        : Completed initialization in 71 ms
2020-01-05 17:22:43.424  WARN 16332 --- [http-nio-8080-exec-1] o.a.c.util.SessionIdGeneratorBase        : Creation of SecureRandom instance for session ID generation using [SHA1PRNG] took [570] milliseconds.
2020-01-05 17:22:47.171  INFO 16332 --- [http-nio-8080-exec-3] o.h.h.i.QueryTranslatorFactoryInitiator  : HHH000397: Using ASTQueryTranslatorFactory
